0 info it worked if it ends with ok
1 verbose cli [ '/home/parisse/Programs/node-v4.2.4-linux-x64/bin/node',
1 verbose cli   '/home/parisse/Programs/node-v4.2.4-linux-x64/bin/npm',
1 verbose cli   'start' ]
2 info using npm@2.14.12
3 info using node@v4.2.4
4 verbose run-script [ 'prestart', 'start', 'poststart' ]
5 info prestart personal-dashboard@1.0.0
6 info start personal-dashboard@1.0.0
7 verbose unsafe-perm in lifecycle true
8 info personal-dashboard@1.0.0 Failed to exec start script
9 verbose stack Error: personal-dashboard@1.0.0 start: `concurrent "npm run tsc:w" "npm run lite" `
9 verbose stack spawn ENOENT
9 verbose stack     at ChildProcess.<anonymous> (/home/parisse/Programs/node-v4.2.4-linux-x64/lib/node_modules/npm/lib/utils/spawn.js:17:16)
9 verbose stack     at emitTwo (events.js:87:13)
9 verbose stack     at ChildProcess.emit (events.js:172:7)
9 verbose stack     at maybeClose (internal/child_process.js:818:16)
9 verbose stack     at Process.ChildProcess._handle.onexit (internal/child_process.js:211:5)
10 verbose pkgid personal-dashboard@1.0.0
11 verbose cwd /home/parisse/Documents/Code/personal-dashboard
12 error Linux 3.13.0-76-generic
13 error argv "/home/parisse/Programs/node-v4.2.4-linux-x64/bin/node" "/home/parisse/Programs/node-v4.2.4-linux-x64/bin/npm" "start"
14 error node v4.2.4
15 error npm  v2.14.12
16 error file sh
17 error code ELIFECYCLE
18 error errno ENOENT
19 error syscall spawn
20 error personal-dashboard@1.0.0 start: `concurrent "npm run tsc:w" "npm run lite" `
20 error spawn ENOENT
21 error Failed at the personal-dashboard@1.0.0 start script 'concurrent "npm run tsc:w" "npm run lite" '.
21 error This is most likely a problem with the personal-dashboard package,
21 error not with npm itself.
21 error Tell the author that this fails on your system:
21 error     concurrent "npm run tsc:w" "npm run lite"
21 error You can get their info via:
21 error     npm owner ls personal-dashboard
21 error There is likely additional logging output above.
22 verbose exit [ 1, true ]
